[0.088s] Invoking command in '/ssd/workspaces/learn_ros2/build/my_cpp_pck': CMAKE_PREFIX_PATH=${CMAKE_PREFIX_PATH}:/ssd/workspaces/learn_ros2/install/my_py_pck:/ssd/ros2_humble/install/rqt_bag_plugins:/ssd/ros2_humble/install/rqt_bag:/ssd/ros2_humble/install/rosbag2_examples_py:/ssd/ros2_humble/install/launch_testing_examples:/ssd/ros2_humble/install/ros2bag:/ssd/ros2_humble/install/tracetools_test:/ssd/ros2_humble/install/tracetools_launch:/ssd/ros2_humble/install/topic_monitor:/ssd/ros2_humble/install/tf2_tools:/ssd/ros2_humble/install/examples_tf2_py:/ssd/ros2_humble/install/tf2_ros_py:/ssd/ros2_humble/install/examples_rclpy_pointcloud_publisher:/ssd/ros2_humble/install/sensor_msgs_py:/ssd/ros2_humble/install/quality_of_service_demo_py:/ssd/ros2_humble/install/rqt_plot:/ssd/ros2_humble/install/ros2doctor:/ssd/ros2_humble/install/lifecycle_py:/ssd/ros2_humble/install/examples_rclpy_minimal_subscriber:/ssd/ros2_humble/install/examples_rclpy_minimal_service:/ssd/ros2_humble/install/examples_rclpy_minimal_publisher:/ssd/ros2_humble/install/examples_rclpy_minimal_client:/ssd/ros2_humble/install/examples_rclpy_executors:/ssd/ros2_humble/install/demo_nodes_py:/ssd/ros2_humble/install/rqt:/ssd/ros2_humble/install/ros2component:/ssd/ros2_humble/install/sros2:/ssd/ros2_humble/install/rqt_topic:/ssd/ros2_humble/install/rqt_srv:/ssd/ros2_humble/install/rqt_shell:/ssd/ros2_humble/install/rqt_service_caller:/ssd/ros2_humble/install/rqt_reconfigure:/ssd/ros2_humble/install/rqt_py_console:/ssd/ros2_humble/install/rqt_publisher:/ssd/ros2_humble/install/rqt_action:/ssd/ros2_humble/install/rqt_msg:/ssd/ros2_humble/install/rqt_console:/ssd/ros2_humble/install/rqt_graph:/ssd/ros2_humble/install/rqt_gui_py:/ssd/ros2_humble/install/rqt_gui:/ssd/ros2_humble/install/ros2trace:/ssd/ros2_humble/install/ros2topic:/ssd/ros2_humble/install/ros2test:/ssd/ros2_humble/install/ros2param:/ssd/ros2_humble/install/ros2lifecycle:/ssd/ros2_humble/install/ros2service:/ssd/ros2_humble/install/ros2run:/ssd/ros2_humble/install/ros2launch:/ssd/ros2_humble/install/ros2pkg:/ssd/ros2_humble/install/ros2node:/ssd/ros2_humble/install/ros2multicast:/ssd/ros2_humble/install/ros2interface:/ssd/ros2_humble/install/ros2action:/ssd/ros2_humble/install/ros2cli:/ssd/ros2_humble/install/launch_testing_ros:/ssd/ros2_humble/install/launch_ros:/ssd/ros2_humble/install/examples_rclpy_minimal_action_server:/ssd/ros2_humble/install/examples_rclpy_minimal_action_client:/ssd/ros2_humble/install/examples_rclpy_guard_conditions:/ssd/ros2_humble/install/action_tutorials_py:/ssd/ros2_humble/install/ament_uncrustify:/ssd/ros2_humble/install/tracetools_trace:/ssd/ros2_humble/install/tracetools_read:/ssd/ros2_humble/install/test_tracetools_launch:/ssd/ros2_humble/install/test_ros2trace:/ssd/ros2_humble/install/test_launch_ros:/ssd/ros2_humble/install/rpyutils:/ssd/ros2_humble/install/rosidl_runtime_py:/ssd/ros2_humble/install/rosidl_pycommon:/ssd/ros2_humble/install/rosidl_cli:/ssd/ros2_humble/install/launch_pytest:/ssd/ros2_humble/install/launch_testing:/ssd/ros2_humble/install/launch_yaml:/ssd/ros2_humble/install/launch_xml:/ssd/ros2_humble/install/launch:/ssd/ros2_humble/install/osrf_pycommon:/ssd/ros2_humble/install/domain_coordinator:/ssd/ros2_humble/install/ament_xmllint:/ssd/ros2_humble/install/ament_pyflakes:/ssd/ros2_humble/install/ament_pycodestyle:/ssd/ros2_humble/install/ament_pep257:/ssd/ros2_humble/install/ament_pclint:/ssd/ros2_humble/install/ament_package:/ssd/ros2_humble/install/ament_mypy:/ssd/ros2_humble/install/ament_lint_cmake:/ssd/ros2_humble/install/ament_flake8:/ssd/ros2_humble/install/ament_copyright:/ssd/ros2_humble/install/ament_lint:/ssd/ros2_humble/install/ament_index_python:/ssd/ros2_humble/install/ament_cpplint:/ssd/ros2_humble/install/ament_cppcheck:/ssd/ros2_humble/install/ament_clang_tidy:/ssd/ros2_humble/install/ament_clang_format /usr/local/bin/cmake --build /ssd/workspaces/learn_ros2/build/my_cpp_pck -- -j12 -l12
[1.180s] [ 30%] Built target add_two_ints_client
[1.181s] [ 30%] Built target cpp_node
[1.181s] [ 40%] Built target number_publisher
[1.181s] [ 50%] Built target robot_news_station
[1.182s] [ 30%] Built target smartphone
[1.182s] [ 60%] Built target add_two_ints_client_no_oop
[1.193s] [ 70%] [32mBuilding CXX object CMakeFiles/number_counter_reset.dir/src/number_counter_reset.cpp.o[0m
[1.194s] [ 70%] [32mBuilding CXX object CMakeFiles/reset_number_counter.dir/src/reset_number_counter.cpp.o[0m
[1.194s] [ 80%] Built target number_counter
[1.195s] [ 90%] Built target add_two_ints_server
[7.125s] [01m[K/ssd/workspaces/learn_ros2/src/my_cpp_pck/src/number_counter_reset.cpp:51:55:[m[K [01;31m[Kerror: [m[Kâ€˜[01m[Ksrv[m[Kâ€™ in namespace â€˜[01m[Kexample_interfaces[m[Kâ€™ does not name a type
[7.125s]    51 |   void callbackResetCounter(const example_interfaces::[01;31m[Ksrv[m[K::SetBool::Request::SharedPtr request,
[7.126s]       |                                                       [01;31m[K^~~[m[K
[7.126s] [01m[K/ssd/workspaces/learn_ros2/src/my_cpp_pck/src/number_counter_reset.cpp:51:67:[m[K [01;31m[Kerror: [m[Kexpected unqualified-id before â€˜[01m[K::[m[Kâ€™ token
[7.126s]    51 |   void callbackResetCounter(const example_interfaces::srv::SetBool[01;31m[K::[m[KRequest::SharedPtr request,
[7.126s]       |                                                                   [01;31m[K^~[m[K
[7.126s] [01m[K/ssd/workspaces/learn_ros2/src/my_cpp_pck/src/number_counter_reset.cpp:51:67:[m[K [01;31m[Kerror: [m[Kexpected â€˜[01m[K)[m[Kâ€™ before â€˜[01m[K::[m[Kâ€™ token
[7.126s]    51 |   void callbackResetCounter[34m[K([m[Kconst example_interfaces::srv::SetBool[01;31m[K:[m[K[32m[K:[m[KRequest::SharedPtr request,
[7.126s]       |                            [34m[K~[m[K                                      [01;31m[K^[m[K[32m[K~[m[K
[7.127s]       |                                                                   [32m[K)[m[K
[7.127s] [01m[K/ssd/workspaces/learn_ros2/src/my_cpp_pck/src/number_counter_reset.cpp:51:60:[m[K [01;31m[Kerror: [m[Kexpected â€˜[01m[K;[m[Kâ€™ at end of member declaration
[7.127s]    51 |   void callbackResetCounter(const example_interfaces::srv::[01;31m[KSetBool[m[K::Request::SharedPtr request,
[7.127s]       |                                                            [01;31m[K^~~~~~~[m[K
[7.127s]       |                                                                   [32m[K;[m[K
[7.127s] [01m[K/ssd/workspaces/learn_ros2/src/my_cpp_pck/src/number_counter_reset.cpp:51:69:[m[K [01;31m[Kerror: [m[Kâ€˜[01m[KRequest[m[Kâ€™ in namespace â€˜[01m[K::[m[Kâ€™ does not name a type
[7.128s]    51 |   void callbackResetCounter(const example_interfaces::srv::SetBool::[01;31m[KRequest[m[K::SharedPtr request,
[7.128s]       |                                                                     [01;31m[K^~~~~~~[m[K
[7.128s] [01m[K/ssd/workspaces/learn_ros2/src/my_cpp_pck/src/number_counter_reset.cpp:66:39:[m[K [01;31m[Kerror: [m[Kâ€˜[01m[Ksrv[m[Kâ€™ is not a member of â€˜[01m[Kexample_interfaces[m[Kâ€™; did you mean â€˜[01m[Krcl_interfaces::srv[m[Kâ€™?
[7.128s]    66 |   rclcpp::Service<example_interfaces::[01;31m[Ksrv[m[K::SetBool>::SharedPtr _server;
[7.128s]       |                                       [01;31m[K^~~[m[K
[7.128s] In file included from [01m[K/ssd/ros2_humble/build/rcl_interfaces/rosidl_generator_cpp/rcl_interfaces/srv/describe_parameters.hpp:7[m[K,
[7.128s]                  from [01m[K/ssd/ros2_humble/install/rclcpp/include/rclcpp/rclcpp/parameter_client.hpp:28[m[K,
[7.128s]                  from [01m[K/ssd/ros2_humble/install/rclcpp/include/rclcpp/rclcpp/rclcpp.hpp:171[m[K,
[7.129s]                  from [01m[K/ssd/workspaces/learn_ros2/src/my_cpp_pck/src/number_counter_reset.cpp:1[m[K:
[7.129s] [01m[K/ssd/ros2_humble/build/rcl_interfaces/rosidl_generator_cpp/rcl_interfaces/srv/detail/describe_parameters__struct.hpp:27:11:[m[K [01;36m[Knote: [m[Kâ€˜[01m[Krcl_interfaces::srv[m[Kâ€™ declared here
[7.129s]    27 | namespace [01;36m[Ksrv[m[K
[7.129s]       |           [01;36m[K^~~[m[K
[7.129s] [01m[K/ssd/workspaces/learn_ros2/src/my_cpp_pck/src/number_counter_reset.cpp:66:51:[m[K [01;31m[Kerror: [m[Ktemplate argument 1 is invalid
[7.129s]    66 |   rclcpp::Service<example_interfaces::srv::SetBool[01;31m[K>[m[K::SharedPtr _server;
[7.129s]       |                                                   [01;31m[K^[m[K
[7.130s] [01m[K/ssd/workspaces/learn_ros2/src/my_cpp_pck/src/number_counter_reset.cpp:66:54:[m[K [01;31m[Kerror: [m[Kexpected â€˜[01m[K;[m[Kâ€™ at end of member declaration
[7.130s]    66 |   rclcpp::Service<example_interfaces::srv::SetBool>::[01;31m[KSharedPtr[m[K _server;
[7.130s]       |                                                      [01;31m[K^~~~~~~~~[m[K
[7.130s]       |                                                               [32m[K;[m[K
[7.131s] [01m[K/ssd/workspaces/learn_ros2/src/my_cpp_pck/src/number_counter_reset.cpp:66:64:[m[K [01;31m[Kerror: [m[Kâ€˜[01m[K_server[m[Kâ€™ does not name a type
[7.131s]    66 |   rclcpp::Service<example_interfaces::srv::SetBool>::SharedPtr [01;31m[K_server[m[K;
[7.131s]       |                                                                [01;31m[K^~~~~~~[m[K
[7.263s] [01m[K/ssd/workspaces/learn_ros2/src/my_cpp_pck/src/number_counter_reset.cpp:[m[K In constructor â€˜[01m[KNumberCounterNode::NumberCounterNode()[m[Kâ€™:
[7.263s] [01m[K/ssd/workspaces/learn_ros2/src/my_cpp_pck/src/number_counter_reset.cpp:18:5:[m[K [01;31m[Kerror: [m[Kâ€˜[01m[K_server[m[Kâ€™ was not declared in this scope
[7.263s]    18 |     [01;31m[K_server[m[K = this->create_service<example_interfaces::srv::SetBool>("reset_counter",
[7.263s]       |     [01;31m[K^~~~~~~[m[K
[7.264s] [01m[K/ssd/workspaces/learn_ros2/src/my_cpp_pck/src/number_counter_reset.cpp:18:56:[m[K [01;31m[Kerror: [m[Kâ€˜[01m[Ksrv[m[Kâ€™ is not a member of â€˜[01m[Kexample_interfaces[m[Kâ€™; did you mean â€˜[01m[Krcl_interfaces::srv[m[Kâ€™?
[7.264s]    18 |     _server = this->create_service<example_interfaces::[01;31m[Ksrv[m[K::SetBool>("reset_counter",
[7.264s]       |                                                        [01;31m[K^~~[m[K
[7.264s] In file included from [01m[K/ssd/ros2_humble/build/rcl_interfaces/rosidl_generator_cpp/rcl_interfaces/srv/describe_parameters.hpp:7[m[K,
[7.265s]                  from [01m[K/ssd/ros2_humble/install/rclcpp/include/rclcpp/rclcpp/parameter_client.hpp:28[m[K,
[7.265s]                  from [01m[K/ssd/ros2_humble/install/rclcpp/include/rclcpp/rclcpp/rclcpp.hpp:171[m[K,
[7.265s]                  from [01m[K/ssd/workspaces/learn_ros2/src/my_cpp_pck/src/number_counter_reset.cpp:1[m[K:
[7.265s] [01m[K/ssd/ros2_humble/build/rcl_interfaces/rosidl_generator_cpp/rcl_interfaces/srv/detail/describe_parameters__struct.hpp:27:11:[m[K [01;36m[Knote: [m[Kâ€˜[01m[Krcl_interfaces::srv[m[Kâ€™ declared here
[7.265s]    27 | namespace [01;36m[Ksrv[m[K
[7.265s]       |           [01;36m[K^~~[m[K
[7.265s] [01m[K/ssd/workspaces/learn_ros2/src/my_cpp_pck/src/number_counter_reset.cpp:18:21:[m[K [01;31m[Kerror: [m[Kparse error in template argument list
[7.266s]    18 |     _server = this->[01;31m[Kcreate_service<example_interfaces::srv::SetBool>[m[K("reset_counter",
[7.266s]       |                     [01;31m[K^~~~~~~~~~~~~~~~~~~~~~~~~~~~~~~~~~~~~~~~~~~~~~~~[m[K
[7.280s] [01m[K/ssd/workspaces/learn_ros2/src/my_cpp_pck/src/number_counter_reset.cpp:20:54:[m[K [01;31m[Kerror: [m[Kno matching function for call to â€˜[01m[KNumberCounterNode::create_service<<expression error> >(const char [14], std::_Bind_helper<false, void (NumberCounterNode::*)(...), NumberCounterNode*, const std::_Placeholder<1>&, const std::_Placeholder<2>&>::type)[m[Kâ€™
[7.280s]    20 |         std::placeholders::_1, std::placeholders::_2)[01;31m[K)[m[K;
[7.281s]       |                                                      [01;31m[K^[m[K
[7.281s] In file included from [01m[K/ssd/ros2_humble/install/rclcpp/include/rclcpp/rclcpp/executors/single_threaded_executor.hpp:28[m[K,
[7.281s]                  from [01m[K/ssd/ros2_humble/install/rclcpp/include/rclcpp/rclcpp/executors.hpp:22[m[K,
[7.281s]                  from [01m[K/ssd/ros2_humble/install/rclcpp/include/rclcpp/rclcpp/rclcpp.hpp:167[m[K,
[7.281s]                  from [01m[K/ssd/workspaces/learn_ros2/src/my_cpp_pck/src/number_counter_reset.cpp:1[m[K:
[7.281s] [01m[K/ssd/ros2_humble/install/rclcpp/include/rclcpp/rclcpp/node.hpp:299:3:[m[K [01;36m[Knote: [m[Kcandidate: â€˜[01m[Ktemplate<class ServiceT, class CallbackT> typename rclcpp::Service<ServiceT>::SharedPtr rclcpp::Node::create_service(const string&, CallbackT&&, const rmw_qos_profile_t&, rclcpp::CallbackGroup::SharedPtr)[m[Kâ€™
[7.281s]   299 |   [01;36m[Kcreate_service[m[K(
[7.282s]       |   [01;36m[K^~~~~~~~~~~~~~[m[K
[7.282s] [01m[K/ssd/ros2_humble/install/rclcpp/include/rclcpp/rclcpp/node.hpp:299:3:[m[K [01;36m[Knote: [m[K  template argument deduction/substitution failed:
[7.282s] [01m[K/ssd/workspaces/learn_ros2/src/my_cpp_pck/src/number_counter_reset.cpp:20:54:[m[K [01;31m[Kerror: [m[Ktemplate argument 1 is invalid
[7.282s]    20 |         std::placeholders::_1, std::placeholders::_2)[01;31m[K)[m[K;
[7.282s]       |                                                      [01;31m[K^[m[K
[7.282s] In file included from [01m[K/ssd/ros2_humble/install/rclcpp/include/rclcpp/rclcpp/executors/single_threaded_executor.hpp:28[m[K,
[7.282s]                  from [01m[K/ssd/ros2_humble/install/rclcpp/include/rclcpp/rclcpp/executors.hpp:22[m[K,
[7.283s]                  from [01m[K/ssd/ros2_humble/install/rclcpp/include/rclcpp/rclcpp/rclcpp.hpp:167[m[K,
[7.283s]                  from [01m[K/ssd/workspaces/learn_ros2/src/my_cpp_pck/src/number_counter_reset.cpp:1[m[K:
[7.283s] [01m[K/ssd/ros2_humble/install/rclcpp/include/rclcpp/rclcpp/node.hpp:315:3:[m[K [01;36m[Knote: [m[Kcandidate: â€˜[01m[Ktemplate<class ServiceT, class CallbackT> typename rclcpp::Service<ServiceT>::SharedPtr rclcpp::Node::create_service(const string&, CallbackT&&, const rclcpp::QoS&, rclcpp::CallbackGroup::SharedPtr)[m[Kâ€™
[7.283s]   315 |   [01;36m[Kcreate_service[m[K(
[7.283s]       |   [01;36m[K^~~~~~~~~~~~~~[m[K
[7.283s] [01m[K/ssd/ros2_humble/install/rclcpp/include/rclcpp/rclcpp/node.hpp:315:3:[m[K [01;36m[Knote: [m[K  template argument deduction/substitution failed:
[7.283s] [01m[K/ssd/workspaces/learn_ros2/src/my_cpp_pck/src/number_counter_reset.cpp:20:54:[m[K [01;31m[Kerror: [m[Ktemplate argument 1 is invalid
[7.283s]    20 |         std::placeholders::_1, std::placeholders::_2)[01;31m[K)[m[K;
[7.284s]       |                                                      [01;31m[K^[m[K
[11.021s] [ 95%] [32m[1mLinking CXX executable reset_number_counter[0m
[12.516s] make[2]: *** [CMakeFiles/number_counter_reset.dir/build.make:76: CMakeFiles/number_counter_reset.dir/src/number_counter_reset.cpp.o] Error 1
[12.516s] make[1]: *** [CMakeFiles/Makefile2:363: CMakeFiles/number_counter_reset.dir/all] Error 2
[12.516s] make[1]: *** Waiting for unfinished jobs....
[12.685s] [ 95%] Built target reset_number_counter
[12.687s] make: *** [Makefile:146: all] Error 2
[12.699s] Invoked command in '/ssd/workspaces/learn_ros2/build/my_cpp_pck' returned '2': CMAKE_PREFIX_PATH=${CMAKE_PREFIX_PATH}:/ssd/workspaces/learn_ros2/install/my_py_pck:/ssd/ros2_humble/install/rqt_bag_plugins:/ssd/ros2_humble/install/rqt_bag:/ssd/ros2_humble/install/rosbag2_examples_py:/ssd/ros2_humble/install/launch_testing_examples:/ssd/ros2_humble/install/ros2bag:/ssd/ros2_humble/install/tracetools_test:/ssd/ros2_humble/install/tracetools_launch:/ssd/ros2_humble/install/topic_monitor:/ssd/ros2_humble/install/tf2_tools:/ssd/ros2_humble/install/examples_tf2_py:/ssd/ros2_humble/install/tf2_ros_py:/ssd/ros2_humble/install/examples_rclpy_pointcloud_publisher:/ssd/ros2_humble/install/sensor_msgs_py:/ssd/ros2_humble/install/quality_of_service_demo_py:/ssd/ros2_humble/install/rqt_plot:/ssd/ros2_humble/install/ros2doctor:/ssd/ros2_humble/install/lifecycle_py:/ssd/ros2_humble/install/examples_rclpy_minimal_subscriber:/ssd/ros2_humble/install/examples_rclpy_minimal_service:/ssd/ros2_humble/install/examples_rclpy_minimal_publisher:/ssd/ros2_humble/install/examples_rclpy_minimal_client:/ssd/ros2_humble/install/examples_rclpy_executors:/ssd/ros2_humble/install/demo_nodes_py:/ssd/ros2_humble/install/rqt:/ssd/ros2_humble/install/ros2component:/ssd/ros2_humble/install/sros2:/ssd/ros2_humble/install/rqt_topic:/ssd/ros2_humble/install/rqt_srv:/ssd/ros2_humble/install/rqt_shell:/ssd/ros2_humble/install/rqt_service_caller:/ssd/ros2_humble/install/rqt_reconfigure:/ssd/ros2_humble/install/rqt_py_console:/ssd/ros2_humble/install/rqt_publisher:/ssd/ros2_humble/install/rqt_action:/ssd/ros2_humble/install/rqt_msg:/ssd/ros2_humble/install/rqt_console:/ssd/ros2_humble/install/rqt_graph:/ssd/ros2_humble/install/rqt_gui_py:/ssd/ros2_humble/install/rqt_gui:/ssd/ros2_humble/install/ros2trace:/ssd/ros2_humble/install/ros2topic:/ssd/ros2_humble/install/ros2test:/ssd/ros2_humble/install/ros2param:/ssd/ros2_humble/install/ros2lifecycle:/ssd/ros2_humble/install/ros2service:/ssd/ros2_humble/install/ros2run:/ssd/ros2_humble/install/ros2launch:/ssd/ros2_humble/install/ros2pkg:/ssd/ros2_humble/install/ros2node:/ssd/ros2_humble/install/ros2multicast:/ssd/ros2_humble/install/ros2interface:/ssd/ros2_humble/install/ros2action:/ssd/ros2_humble/install/ros2cli:/ssd/ros2_humble/install/launch_testing_ros:/ssd/ros2_humble/install/launch_ros:/ssd/ros2_humble/install/examples_rclpy_minimal_action_server:/ssd/ros2_humble/install/examples_rclpy_minimal_action_client:/ssd/ros2_humble/install/examples_rclpy_guard_conditions:/ssd/ros2_humble/install/action_tutorials_py:/ssd/ros2_humble/install/ament_uncrustify:/ssd/ros2_humble/install/tracetools_trace:/ssd/ros2_humble/install/tracetools_read:/ssd/ros2_humble/install/test_tracetools_launch:/ssd/ros2_humble/install/test_ros2trace:/ssd/ros2_humble/install/test_launch_ros:/ssd/ros2_humble/install/rpyutils:/ssd/ros2_humble/install/rosidl_runtime_py:/ssd/ros2_humble/install/rosidl_pycommon:/ssd/ros2_humble/install/rosidl_cli:/ssd/ros2_humble/install/launch_pytest:/ssd/ros2_humble/install/launch_testing:/ssd/ros2_humble/install/launch_yaml:/ssd/ros2_humble/install/launch_xml:/ssd/ros2_humble/install/launch:/ssd/ros2_humble/install/osrf_pycommon:/ssd/ros2_humble/install/domain_coordinator:/ssd/ros2_humble/install/ament_xmllint:/ssd/ros2_humble/install/ament_pyflakes:/ssd/ros2_humble/install/ament_pycodestyle:/ssd/ros2_humble/install/ament_pep257:/ssd/ros2_humble/install/ament_pclint:/ssd/ros2_humble/install/ament_package:/ssd/ros2_humble/install/ament_mypy:/ssd/ros2_humble/install/ament_lint_cmake:/ssd/ros2_humble/install/ament_flake8:/ssd/ros2_humble/install/ament_copyright:/ssd/ros2_humble/install/ament_lint:/ssd/ros2_humble/install/ament_index_python:/ssd/ros2_humble/install/ament_cpplint:/ssd/ros2_humble/install/ament_cppcheck:/ssd/ros2_humble/install/ament_clang_tidy:/ssd/ros2_humble/install/ament_clang_format /usr/local/bin/cmake --build /ssd/workspaces/learn_ros2/build/my_cpp_pck -- -j12 -l12
