[0.019s] Invoking command in '/ssd/workspaces/learn_ros2/build/my_cpp_pck': /usr/local/bin/cmake --build /ssd/workspaces/learn_ros2/build/my_cpp_pck -- -j12 -l12
[0.100s] -- Found ament_cmake: 2.0.3 (/ssd/ros2_humble/install/ament_cmake/share/ament_cmake/cmake)
[0.619s] Traceback (most recent call last):
[0.619s]   File "/ssd/ros2_humble/install/ament_cmake_core/share/ament_cmake_core/cmake/package_templates/templates_2_cmake.py", line 21, in <module>
[0.619s]     from ament_package.templates import get_environment_hook_template_path
[0.619s] ModuleNotFoundError: No module named 'ament_package'
[0.654s] [31mCMake Error at /ssd/ros2_humble/install/ament_cmake_core/share/ament_cmake_core/cmake/ament_cmake_package_templates-extras.cmake:41 (message):
[0.655s]   execute_process(/usr/bin/python3.8
[0.655s]   /ssd/ros2_humble/install/ament_cmake_core/share/ament_cmake_core/cmake/package_templates/templates_2_cmake.py
[0.655s]   /ssd/workspaces/learn_ros2/build/my_cpp_pck/ament_cmake_package_templates/templates.cmake)
[0.655s]   returned error code 1
[0.655s] Call Stack (most recent call first):
[0.655s]   /ssd/ros2_humble/install/ament_cmake_core/share/ament_cmake_core/cmake/ament_cmake_coreConfig.cmake:41 (include)
[0.656s]   /ssd/ros2_humble/install/ament_cmake/share/ament_cmake/cmake/ament_cmake_export_dependencies-extras.cmake:15 (find_package)
[0.656s]   /ssd/ros2_humble/install/ament_cmake/share/ament_cmake/cmake/ament_cmakeConfig.cmake:41 (include)
[0.656s]   CMakeLists.txt:9 (find_package)
[0.656s] 
[0.656s] [0m
[0.656s] -- Configuring incomplete, errors occurred!
[0.659s] make: *** [Makefile:349: cmake_check_build_system] Error 1
[0.669s] Invoked command in '/ssd/workspaces/learn_ros2/build/my_cpp_pck' returned '2': /usr/local/bin/cmake --build /ssd/workspaces/learn_ros2/build/my_cpp_pck -- -j12 -l12
