[0.000000] (-) TimerEvent: {}
[0.000969] (-) JobUnselected: {'identifier': 'my_py_pck'}
[0.001270] (my_cpp_pck) JobQueued: {'identifier': 'my_cpp_pck', 'dependencies': OrderedDict()}
[0.001477] (my_cpp_pck) JobStarted: {'identifier': 'my_cpp_pck'}
[0.016004] (my_cpp_pck) JobProgress: {'identifier': 'my_cpp_pck', 'progress': 'cmake'}
[0.017399] (my_cpp_pck) JobProgress: {'identifier': 'my_cpp_pck', 'progress': 'build'}
[0.018608] (my_cpp_pck) Command: {'cmd': ['/usr/local/bin/cmake', '--build', '/ssd/workspaces/learn_ros2/build/my_cpp_pck', '--', '-j12', '-l12'], 'cwd': '/ssd/workspaces/learn_ros2/build/my_cpp_pck', 'env': OrderedDict([('LESSOPEN', '| /usr/bin/lesspipe %s'), ('USER', 'arthur'), ('SSH_CLIENT', '192.168.1.43 50414 22222'), ('XDG_SESSION_TYPE', 'tty'), ('GIT_ASKPASS', '/home/arthur/.vscode-server/cli/servers/Stable-863d2581ecda6849923a2118d93a088b0745d9d6/server/extensions/git/dist/askpass.sh'), ('SHLVL', '1'), ('LD_LIBRARY_PATH', '/usr/local/lib:/usr/local/cuda-11.4/lib64:/usr/local/lib:/usr/local/cuda-11.4/lib64:'), ('BROWSER', '/home/arthur/.vscode-server/cli/servers/Stable-863d2581ecda6849923a2118d93a088b0745d9d6/server/bin/helpers/browser.sh'), ('MOTD_SHOWN', 'pam'), ('HOME', '/home/arthur'), ('OLDPWD', '/ssd/workspaces/learn_ros2/src/my_cpp_pck/src'), ('TERM_PROGRAM_VERSION', '1.87.2'), ('VSCODE_IPC_HOOK_CLI', '/run/user/1000/vscode-ipc-59d12890-7c1a-415f-beb9-c8eabf795d60.sock'), ('JETSON_L4T', '35.4.1'), ('JETSON_MODEL', 'Jetson AGX Orin Developer Kit'), ('VSCODE_GIT_ASKPASS_MAIN', '/home/arthur/.vscode-server/cli/servers/Stable-863d2581ecda6849923a2118d93a088b0745d9d6/server/extensions/git/dist/askpass-main.js'), ('VCPKG_FORCE_SYSTEM_BINARIES', '1'), ('VSCODE_GIT_ASKPASS_NODE', '/home/arthur/.vscode-server/cli/servers/Stable-863d2581ecda6849923a2118d93a088b0745d9d6/server/node'), ('SSL_CERT_FILE', '/usr/lib/ssl/certs/ca-certificates.crt'), ('DBUS_SESSION_BUS_ADDRESS', 'unix:path=/run/user/1000/bus'), ('COLORTERM', 'truecolor'), ('LOGNAME', 'arthur'), ('JETSON_MODULE', 'NVIDIA Jetson AGX Orin (64GB ram)'), ('JETSON_SERIAL_NUMBER', '1421023000913'), ('_', '/usr/bin/colcon'), ('JETSON_CODENAME', 'Concord'), ('XDG_SESSION_CLASS', 'user'), ('TERM', 'xterm-256color'), ('XDG_SESSION_ID', '147'), ('ISAAC_ROS_WS', '/ssd/workspaces/isaac_ros-dev'), ('PATH', '/usr/local/cuda-11.4/bin:/home/arthur/.vscode-server/cli/servers/Stable-863d2581ecda6849923a2118d93a088b0745d9d6/server/bin/remote-cli:/home/arthur/.local/bin:/usr/local/cuda-11.4/bin:/usr/local/sbin:/usr/local/bin:/usr/sbin:/usr/bin:/sbin:/bin:/usr/games:/usr/local/games:/snap/bin'), ('XDG_RUNTIME_DIR', '/run/user/1000'), ('SSL_CERT_DIR', '/usr/lib/ssl/certs'), ('LANG', 'en_US.UTF-8'), ('LS_COLORS', 'rs=0:di=01;34:ln=01;36:mh=00:pi=40;33:so=01;35:do=01;35:bd=40;33;01:cd=40;33;01:or=40;31;01:mi=00:su=37;41:sg=30;43:ca=30;41:tw=30;42:ow=34;42:st=37;44:ex=01;32:*.tar=01;31:*.tgz=01;31:*.arc=01;31:*.arj=01;31:*.taz=01;31:*.lha=01;31:*.lz4=01;31:*.lzh=01;31:*.lzma=01;31:*.tlz=01;31:*.txz=01;31:*.tzo=01;31:*.t7z=01;31:*.zip=01;31:*.z=01;31:*.dz=01;31:*.gz=01;31:*.lrz=01;31:*.lz=01;31:*.lzo=01;31:*.xz=01;31:*.zst=01;31:*.tzst=01;31:*.bz2=01;31:*.bz=01;31:*.tbz=01;31:*.tbz2=01;31:*.tz=01;31:*.deb=01;31:*.rpm=01;31:*.jar=01;31:*.war=01;31:*.ear=01;31:*.sar=01;31:*.rar=01;31:*.alz=01;31:*.ace=01;31:*.zoo=01;31:*.cpio=01;31:*.7z=01;31:*.rz=01;31:*.cab=01;31:*.wim=01;31:*.swm=01;31:*.dwm=01;31:*.esd=01;31:*.jpg=01;35:*.jpeg=01;35:*.mjpg=01;35:*.mjpeg=01;35:*.gif=01;35:*.bmp=01;35:*.pbm=01;35:*.pgm=01;35:*.ppm=01;35:*.tga=01;35:*.xbm=01;35:*.xpm=01;35:*.tif=01;35:*.tiff=01;35:*.png=01;35:*.svg=01;35:*.svgz=01;35:*.mng=01;35:*.pcx=01;35:*.mov=01;35:*.mpg=01;35:*.mpeg=01;35:*.m2v=01;35:*.mkv=01;35:*.webm=01;35:*.ogm=01;35:*.mp4=01;35:*.m4v=01;35:*.mp4v=01;35:*.vob=01;35:*.qt=01;35:*.nuv=01;35:*.wmv=01;35:*.asf=01;35:*.rm=01;35:*.rmvb=01;35:*.flc=01;35:*.avi=01;35:*.fli=01;35:*.flv=01;35:*.gl=01;35:*.dl=01;35:*.xcf=01;35:*.xwd=01;35:*.yuv=01;35:*.cgm=01;35:*.emf=01;35:*.ogv=01;35:*.ogx=01;35:*.aac=00;36:*.au=00;36:*.flac=00;36:*.m4a=00;36:*.mid=00;36:*.midi=00;36:*.mka=00;36:*.mp3=00;36:*.mpc=00;36:*.ogg=00;36:*.ra=00;36:*.wav=00;36:*.oga=00;36:*.opus=00;36:*.spx=00;36:*.xspf=00;36:'), ('JETSON_SOC', 'tegra23x'), ('VSCODE_GIT_IPC_HANDLE', '/run/user/1000/vscode-git-e90532c4a0.sock'), ('TERM_PROGRAM', 'vscode'), ('SHELL', '/bin/bash'), ('LESSCLOSE', '/usr/bin/lesspipe %s %s'), ('VSCODE_GIT_ASKPASS_EXTRA_ARGS', ''), ('JETSON_CUDA_ARCH_BIN', '8.7'), ('PWD', '/ssd/workspaces/learn_ros2/build/my_cpp_pck'), ('LC_ALL', 'en_US.UTF-8'), ('SSH_CONNECTION', '192.168.1.43 50414 192.168.1.114 22222'), ('XDG_DATA_DIRS', '/usr/local/share:/usr/share:/var/lib/snapd/desktop'), ('PYTHONPATH', '/usr/local/lib/python3.8/site-packages/:/usr/local/lib/python3.8/site-packages/:'), ('COLCON', '1'), ('JETSON_JETPACK', '5.1.2'), ('JETSON_P_NUMBER', 'p3701-0005')]), 'shell': False}
[0.099544] (-) TimerEvent: {}
[0.101624] (my_cpp_pck) StdoutLine: {'line': b'-- Found ament_cmake: 2.0.3 (/ssd/ros2_humble/install/ament_cmake/share/ament_cmake/cmake)\n'}
[0.199660] (-) TimerEvent: {}
[0.300194] (-) TimerEvent: {}
[0.400685] (-) TimerEvent: {}
[0.501103] (-) TimerEvent: {}
[0.601406] (-) TimerEvent: {}
[0.619911] (my_cpp_pck) StderrLine: {'line': b'Traceback (most recent call last):\n'}
[0.620286] (my_cpp_pck) StderrLine: {'line': b'  File "/ssd/ros2_humble/install/ament_cmake_core/share/ament_cmake_core/cmake/package_templates/templates_2_cmake.py", line 21, in <module>\n'}
[0.620472] (my_cpp_pck) StderrLine: {'line': b'    from ament_package.templates import get_environment_hook_template_path\n'}
[0.620630] (my_cpp_pck) StderrLine: {'line': b"ModuleNotFoundError: No module named 'ament_package'\n"}
[0.655785] (my_cpp_pck) StderrLine: {'line': b'\x1b[31mCMake Error at /ssd/ros2_humble/install/ament_cmake_core/share/ament_cmake_core/cmake/ament_cmake_package_templates-extras.cmake:41 (message):\n'}
[0.656033] (my_cpp_pck) StderrLine: {'line': b'  execute_process(/usr/bin/python3.8\n'}
[0.656184] (my_cpp_pck) StderrLine: {'line': b'  /ssd/ros2_humble/install/ament_cmake_core/share/ament_cmake_core/cmake/package_templates/templates_2_cmake.py\n'}
[0.656330] (my_cpp_pck) StderrLine: {'line': b'  /ssd/workspaces/learn_ros2/build/my_cpp_pck/ament_cmake_package_templates/templates.cmake)\n'}
[0.656550] (my_cpp_pck) StderrLine: {'line': b'  returned error code 1\n'}
[0.656699] (my_cpp_pck) StderrLine: {'line': b'Call Stack (most recent call first):\n'}
[0.656839] (my_cpp_pck) StderrLine: {'line': b'  /ssd/ros2_humble/install/ament_cmake_core/share/ament_cmake_core/cmake/ament_cmake_coreConfig.cmake:41 (include)\n'}
[0.656979] (my_cpp_pck) StderrLine: {'line': b'  /ssd/ros2_humble/install/ament_cmake/share/ament_cmake/cmake/ament_cmake_export_dependencies-extras.cmake:15 (find_package)\n'}
[0.657128] (my_cpp_pck) StderrLine: {'line': b'  /ssd/ros2_humble/install/ament_cmake/share/ament_cmake/cmake/ament_cmakeConfig.cmake:41 (include)\n'}
[0.657266] (my_cpp_pck) StderrLine: {'line': b'  CMakeLists.txt:9 (find_package)\n'}
[0.657398] (my_cpp_pck) StderrLine: {'line': b'\n'}
[0.657528] (my_cpp_pck) StderrLine: {'line': b'\x1b[0m\n'}
[0.657659] (my_cpp_pck) StdoutLine: {'line': b'-- Configuring incomplete, errors occurred!\n'}
[0.660101] (my_cpp_pck) StderrLine: {'line': b'make: *** [Makefile:349: cmake_check_build_system] Error 1\n'}
[0.670040] (my_cpp_pck) CommandEnded: {'returncode': 2}
[0.701540] (-) TimerEvent: {}
[0.778878] (my_cpp_pck) JobEnded: {'identifier': 'my_cpp_pck', 'rc': 2}
[0.789697] (-) EventReactorShutdown: {}
